it-rm-g59-roma-giorgione-2.a-room:the_placid_competition_launchs_the_burst_bootcamp the_shy_secretary_drafts_the_cry_code_for_kids
de-gut-b26-gutersloh-bartholomuusweg-107-room:the_linen_launchs_the_business_cereal_minds blue_baboon_cereal_minds the_uttermost_danger_recognizes_the_motion_netcamp bally_mortarboard_student_tech_clash the_music_learns_the_discussion_netcamp
it-mi-k1-milano-robert-koch-tower-b--9.a-room:the_opinion_extrapolates_the_successful_cork_hackaton black_cake_webinar
it-mi-c11-milano-castellanza-1.a-room:the_trashy_lift_studys_the_sign_netcamp the_flight_computes_the_glass_cereal_minds
it-mi-k1-milano-robert-koch-tower-a-4.a-room:certes_labcamp the_simple_spoon_labcamp the_petite_leather_quotes_the_hope_cereal_minds the_knotty_development_captures_the_burn_bootcamp
uk-ldn-38gg-london-38-grosvenor-gardens-b.3-room:outshout_hey_deadeye_crankle_webinar bopping_selvedge_twelve_student_tech_clash
it-to-cm83-torino-cardinal-massaia-83-5.b-room:the_paint_lobbys_the_stop_code_for_kids the_guide_upgrades_the_disgust_barcamp
it-mi-k1-milano-robert-koch-tower-a-10.a-room:diagnosticated_beauty_analgesic_overdomesticated_labcamp
de-muc-h6-munchen-hackerbrocke-09-small-room:oops_afore_overgeneralized_netcamp throughout_part_sort_bodily_labcamp mannerliness_webinar
it-mi-k1-milano-robert-koch-tower-b-10.b-room:the_bawdy_reading_contacts_the_hate_netcamp
de-dus-h299-dusseldorf-hansaallee-299-5.g-room:the_defiant_name_check_ins_the_addition_hackaton the_freezing_lemon_student_tech_clash obtuse_zebra_code_for_kids
it-mi-k1-milano-robert-koch-tower-b-11.a-room:humph_aboon_urethroscope_barcamp
de-muc-lu14-munchen-luise-ullrich-sstrasse-14-4.c-room:the_harmony_widens_the_silver_cereal_minds the_talk_minimizes_the_zany_iron_hackaton the_upbeat_rice_operates_the_surprise_cereal_minds
it-pd-l103-padova-longhin-2.b-room:the_purple_llama_code_for_kids the_language_dissects_the_attack_webinar the_learned_fear_nurses_the_fiction_cereal_minds
it-to-cm75-torino-cardinal-massaia-75-1a.a-room:
de-muc-h6-munchen-hackerbrocke-22-big-room:the_push_instructs_the_sad_sex_bootcamp
it-mi-c11-milano-castellanza-2.a-room:the_wakeful_plant_converts_the_meal_code_for_kids tall_knife_webinar the_alert_measure_charges_the_steel_barcamp
it-rm-g59-roma-giorgione-1.d-room:the_great_authority_accumulates_the_minute_labcamp pommel_malgra_hackaton
it-mi-k1-milano-robert-koch-tower-b--1.c-room:tajikistan_fore_numismatist_nonatheistical_labcamp the_change_enables_the_silent_minute_webinar the_belief_troubleshots_the_curved_building_labcamp
de-ham-g75-hamburg-griegsstrasse-h.25-meeting-room:rainy_melon_bootcamp large_meerkat_cereal_minds
it-mi-c11-milano-castellanza-1.b-room:the_hot_elephant_student_tech_clash
it-mi-c11-milano-castellanza-3.b-room:the_guide_symbolizes_the_direful_design_student_tech_clash the_idea_communicates_the_tasty_representative_cereal_minds
us-ah-691sr-auburn-hills--n-squirrel-rd-main-room:the_meeting_set_ups_the_cork_netcamp sic_allotment_trinkum_student_tech_clash the_death_classifys_the_threatening_order_bootcamp
office-code-office-name-room:the_simple_pen_webinar the_dazzling_vessel_broadens_the_blow_webinar
it-mi-k1-milano-robert-koch-tower-b-15.a-room:month_netcamp
it-sil-a2-silea-avogadri-2-meeting-room:forby_whir_untampered_barcamp the_heat_persuades_the_law_hackaton
de-gut-b26-gutersloh-bartholomuusweg-005-room-(multipoint):commensal_labcamp the_look_records_the_material_insurance_webinar tap_azotized_honestly_code_for_kids
de-fra-hl184-frankfurt-hanauer-landsstrasse-small-room-(3rd-floor):the_piping_toaster_webinar mid_sorry_atween_overside_bootcamp the_blue_book_code_for_kids
br-sp-mca215-sao-paulo-maria-coelho-aguiar-videoconference-room:the_gold_applys_the_walk_labcamp snuffy_raving_appropriately_cereal_minds
it-mi-k1-milano-robert-koch-tower-a-6.b-room:the_push_speaks_the_sky_barcamp the_rule_joins_the_ritzy_silk_cereal_minds the_pink_rat_netcamp snowy_banana_barcamp bivouacking_netcamp
de-muc-lu14-munchen-luise-ullrich-sstrasse-14-4.b-room:the_thin_android_cereal_minds little_panda_barcamp apart_senza_netcamp
it-mi-c11-milano-castellanza-2.b-room:coastwise_adequately_netcamp the_humdrum_body_governs_the_self_bootcamp happy_snail_bootcamp amidst_labcamp the_grass_directs_the_middle_labcamp the_pink_bootcamp
it-mi-k1-milano-robert-koch-tower-a-2.b-room:conveniently_wantage_wauk_barcamp the_green_code_for_kids beta_crab_bootcamp arrowroot_consonantize_competing_abaft_netcamp
it-mi-k1-milano-robert-koch-solar-garden:sad_pineapple_hackaton the_sad_toaster_hackaton
uk-ldn-38gg-london-38-grosvenor-gardens-b.1-room:the_steel_installs_the_discussion_student_tech_clash the_fortunate_art_advertises_the_sleep_barcamp
it-mi-k1-milano-robert-koch-tower-b-12.a-room:hot_spoon_hackaton swimming_omphaloskepsis_prekindle_dash_netcamp
it-mi-k1-milano-robert-koch-tower-b-10.a-room:beta_fork_barcamp the_obtuse_elephant_barcamp the_makeshift_step_oversees_the_snow_labcamp tweet_geometrical_cereal_minds astride_secularizer_lackaday_schedule_bootcamp
it-mi-k1-milano-robert-koch-tower-b--2.a-room:the_print_diagrams_the_amused_swim_student_tech_clash the_porter_rans_the_abashed_glass_code_for_kids the_help_organizes_the_cry_barcamp the_gold_describes_the_join_netcamp
fr-par-3fsh-paris-rue-du-faubourg-saint-honore-5.a-room:robustiously_shucks_labcamp foggy_pineapple_barcamp pitocin_expediential_code_for_kids
it-mi-k1-milano-robert-koch-tower-b--5.a-room:lately_gobble_whew_chock_code_for_kids acute_pencil_webinar the_apparatus_enters_the_seat_bootcamp the_grouchy_authority_delivers_the_direction_code_for_kids
it-rm-g59-roma-giorgione-2.c-room:aboard_passing_overpresumptuousness_contemporarily_barcamp amid_code_for_kids simple_penguin_hackaton the_change_extends_the_breath_hackaton snowy_panda_netcamp
de-muc-lu14-munchen-luise-ullrich-sstrasse-14-4.e-room:the_superb_vessel_decreases_the_knowledge_bootcamp
it-sil-a2-silea-avogadri-2-1.p-room:ben_except_pish_bootcamp bismillah_hum_hackaton
it-mi-k1-milano-robert-koch-tower-b--8.b-room:inpour_battologize_crash_lipogram_hackaton the_foggy_knife_bootcamp overspecializing_barcamp
it-to-cm83-torino-cardinal-massaia-83-4.a-room:the_yummy_apparatus_reviews_the_cork_student_tech_clash piping_elephant_code_for_kids
it-rm-g59-roma-giorgione-6.a-room:the_vessel_inventorys_the_grouchy_punishment_labcamp therapist_boss_treasure_webinar the_piping_ostrich_cereal_minds alpha_shoe_cereal_minds
it-mi-k1-milano-robert-koch-tower-a-8.a-room:goodby_neologize_groaningly_constellated_code_for_kids
de-dus-h299-dusseldorf-hansaallee-299-5.c-room:inspanning_netcamp intelligent_gecko_student_tech_clash
it-mi-k1-milano-robert-koch-tower-b--3.a-room:premium_rhodium_perchance_labcamp the_verse_distributes_the_space_hackaton doat_theologize_code_for_kids
it-to-cm71-torino-cardinal-massaia-71-2.d-room-(l-side):sunbow_push_rhumba_adamantine_student_tech_clash the_superficial_chalk_confers_the_way_student_tech_clash
it-mi-c11-milano-castellanza-1.c-room:sideways_barcamp
it-mi-k1-milano-robert-koch-tower-b--9.b-room:clear_camel_webinar the_soup_raises_the_profit_netcamp
it-to-cm71-torino-cardinal-massaia-71-4a.a-room-(l-side):the_swim_accelerates_the_bad_harmony_webinar
it-to-cm83-torino-cardinal-massaia-83-1.a-room:chimneystack_upchuck_swash_netcamp the_self_refines_the_round_purpose_bootcamp the_cloudy_scarf_student_tech_clash fat_gecko_barcamp
it-to-cm83-torino-cardinal-massaia-83-4.b-room:uniformly_bejabers_bootcamp bating_attend_stifle_webinar
pl-kat-g6-katowice-gliwicka-meeting-room:the_beta_cherry_student_tech_clash the_reaction_debates_the_jumpy_reward_netcamp
it-mi-r104-milano-ripamonti-104-videoconference-room:the_view_evaluates_the_insidious_existence_code_for_kids morphophonemic_fork_global_banzai_netcamp
uk-ldn-2830gg-london-28-30-grosvenor-gardens-b.2-room:brown_pigeon_code_for_kids bite_netcamp
it-mi-k1-milano-robert-koch-tower-a-9.a-room:anent_coleoptera_sith_labcamp hypothetic_labcamp
it-rm-g59-roma-giorgione-6.b-room:the_hot_chicken_netcamp the_disgusting_paste_originates_the_iron_code_for_kids telegram_afore_wirra_preconize_code_for_kids
it-to-cm71-torino-cardinal-massaia-71-2a.a-room-(l-side):the_deep_zebra_code_for_kids transparent_rat_bootcamp the_ice-cold_fish_hackaton
us-ah-691sr-auburn-hills--n-squirrel-rd-small-room:the_accidental_snow_nurses_the_pleasure_student_tech_clash the_sore_sleep_outlines_the_regret_student_tech_clash
it-mi-k1-milano-robert-koch-tower-b--4.b-room:the_opaque_shark_webinar the_silk_validates_the_doubtful_music_barcamp
de-dus-h299-dusseldorf-hansaallee-299-5.b-room:the_ice-cold_rat_cereal_minds the_big_chinchilla_code_for_kids the_snowy_penguin_webinar effulging_ochone_labcamp
it-sil-a6-silea-avogadri-6-meeting-room:stupid_ostrich_netcamp immaculacy_noritic_labcamp
it-rm-g59-roma-giorgione-7.b-room:sub-zero_fan_bootcamp the_intelligent_apple_student_tech_clash simple_fox_labcamp
de-dus-h299-dusseldorf-hansaallee-299-5.e-room:the_doubt_samples_the_bit_cereal_minds sunwise_associate_fer_zap_hackaton
de-muc-lu14-munchen-luise-ullrich-sstrasse-14-6.a-room:eh_cater_anent_cool_netcamp the_efficacious_place_revamps_the_stop_labcamp against_tramontana_malgra_netcamp
it-mi-c11-milano-castellanza-0.a-room:inconclusively_cornaceous_webinar mild_jee_mush_overemotionalizing_student_tech_clash
de-gut-b26-gutersloh-bartholomuusweg-109-room:the_look_boughts_the_condition_bootcamp amid_brachiate_sycophantic_cereal_minds
it-mi-k1-milano-robert-koch-tower-a-3.a-room:the_sleep_monitors_the_limit_netcamp the_fat_snake_cereal_minds
it-mi-k1-milano-robert-koch-tower-a-2.a-room:the_ten_land_nurses_the_week_labcamp applying_espalier_cavilled_fantastic_labcamp
it-mi-k1-milano-robert-koch-tower-a-9.b-room:the_soup_collaborates_the_oceanic_learning_netcamp
it-to-cm83-torino-cardinal-massaia-83-5.a-room:the_fall_cultivates_the_amusement_cereal_minds the_clear_donkey_netcamp profit_shalom_student_tech_clash
it-rm-g59-roma-giorgione-7.a-room:the_fixed_way_promotes_the_degree_student_tech_clash corroded_cereal_minds the_unkempt_food_simulates_the_opinion_labcamp
it-to-cm83-torino-cardinal-massaia-83-1.b-room:angry_lemon_labcamp alongside_erythroblastic_mid_bootcamp
it-mi-k1-milano-robert-koch-tower-b-13.a-room:stupid_beaver_barcamp cheeky_alligator_labcamp
br-bh-sc660-belo-horizonte-nossa-senhora-do-carmo-meeting-room:the_jumpy_stitch_substantiates_the_time_netcamp cloudy_box_labcamp
it-mi-k1-milano-robert-koch-tower-b--7.b-room:deuce_ringingly_pax_cereal_minds
it-mi-k1-milano-robert-koch-tower-b--6.b-room:the_brown_snake_labcamp ay_bootcamp the_freezing_baboon_student_tech_clash the_earth_authorizes_the_pumped_protest_barcamp
it-mi-k1-milano-robert-koch-tower-a-1.a-room:enchantingly_spiritoso_eleuin_cereal_minds
it-to-cm71-torino-cardinal-massaia-71-2b.a-room-(r-side):chooky_arcane_invulnerably_motorcycled_student_tech_clash anenst_student_tech_clash
de-muc-lu14-munchen-luise-ullrich-sstrasse-14-4.f-room:pan_sidereal_descriptivism_bootcamp
it-mi-c11-milano-castellanza-4.d-room:the_idea_influences_the_honorable_limit_hackaton
it-rm-g59-roma-giorgione-1.b-room:the_land_appoints_the_pain_hackaton externally_code_for_kids the_top_contacts_the_far-flung_butter_labcamp
it-mi-k1-milano-robert-koch-tower-b-11.b-room:tanked_code_for_kids the_addition_replaces_the_burst_hackaton
it-mi-k1-milano-robert-koch-tower-a-3.b-room:leukopenic_cogitatively_nationwide_netcamp the_porter_cultivates_the_relation_cereal_minds the_silly_pear_bootcamp
it-mi-c11-milano-castellanza-3.d-room:contra_cereal_minds deep_book_hackaton
it-to-cm83-torino-cardinal-massaia-83-2.b-room:little_mobile_bootcamp the_sister_reads_the_noise_netcamp
uk-ldn-2830gg-london-28-30-grosvenor-gardens-solar-london:the_discovery_assigns_the_broken_support_netcamp white_elephant_labcamp
it-mi-k1-milano-robert-koch-tower-a-5.a-room:foggy_pineapple_hackaton the_doubt_monitors_the_look_cereal_minds
uk-cog-ucf-cockpole-green-the-quadrant-board-room:the_rhythm_solicits_the_tasty_scale_hackaton offhand_malfunction_cold_cereal_minds the_news_imparts_the_canvas_netcamp
de-dus-h299-dusseldorf-hansaallee-299-5.d-room:natural_hackaton
it-rm-g59-roma-giorgione-4.a-room:silverly_anachronically_libel_blocking_cereal_minds
it-mi-c11-milano-castellanza-4.b-room:the_polish_terminates_the_smoke_webinar
it-rm-g59-roma-giorgione-6.c-room:the_zippy_animal_founds_the_view_cereal_minds the_needless_experience_recommends_the_level_barcamp the_self_responds_the_attempt_hackaton caboched_suitably_webinar
it-mi-c11-milano-castellanza-1.d-room:barring_student_tech_clash
de-fra-u2-frankfurt-uhlandsstrasse-2-1.a-room:foggy_melon_cereal_minds conjure_concise_nuts_netcamp frustrating_yeah_labcamp
it-mi-k1-milano-robert-koch-tower-a-11.a-room:gentisin_insanely_bootcamp the_building_drews_the_sort_bootcamp the_copy_quotes_the_reward_hackaton
de-dus-h299-dusseldorf-hansaallee-299-5.f-room:the_cuddly_mother_fortifys_the_snow_netcamp content_ram_hackaton